TN:
SF:/Users/alain.seng/perso/beerworld/vue_jest_with_vue2/src/main.ts
FN:11,(anonymous_0)
FNF:1
FNH:0
FNDA:0,(anonymous_0)
DA:1,0
DA:2,0
DA:3,0
DA:4,0
DA:6,0
DA:8,0
DA:11,0
LF:7
LH:0
BRF:0
BRH:0
end_of_record
TN:
SF:/Users/alain.seng/perso/beerworld/vue_jest_with_vue2/src/components/HelloWorld.vue
FN:132,(anonymous_1)
FNF:1
FNH:1
FNDA:1,(anonymous_1)
DA:124,1
DA:133,1
LF:2
LH:2
BRF:0
BRH:0
end_of_record
TN:
SF:/Users/alain.seng/perso/beerworld/vue_jest_with_vue2/src/router/index.ts
FN:19,(anonymous_0)
FNF:1
FNH:0
FNDA:0,(anonymous_0)
DA:1,0
DA:2,0
DA:3,0
DA:5,0
DA:7,0
DA:19,0
DA:24,0
DA:28,0
LF:8
LH:0
BRF:0
BRH:0
end_of_record
TN:
SF:/Users/alain.seng/perso/beerworld/vue_jest_with_vue2/src/store/index.ts
FNF:0
FNH:0
DA:1,0
DA:2,0
DA:4,0
DA:6,0
LF:4
LH:0
BRF:0
BRH:0
end_of_record
TN:
SF:/Users/alain.seng/perso/beerworld/vue_jest_with_vue2/src/views/Home.vue
FNF:0
FNH:0
DA:9,0
DA:10,0
LF:2
LH:0
BRF:0
BRH:0
end_of_record
